  glad.c
  GLSL.cpp
  main.cpp
C:\Cal Poly\computer-graphics\shining-sun\src\main.cpp(209,15): warning C4244:  'initializing': conversion from 'double' to 'float', possible loss of data
C:\Cal Poly\computer-graphics\shining-sun\src\main.cpp(211,22): warning C4244:  '=': conversion from 'double' to 'float', possible loss of data
  MatrixStack.cpp
  Program.cpp
  WindowManager.cpp
  Generating Code...
C:\Cal Poly\computer-graphics\shining-sun\src\main.cpp(264,68): warning C4305:  'initializing': truncation from 'long double' to 'float'
glfw3.lib(context.obj) : warning LNK4099: PDB 'glfw.pdb' was not found with 'glfw3.lib(context.obj)' or at 'C:\Cal Poly\computer-graphics\shining-sun\Debug\glfw.pdb'; linking object as if no debug info
glfw3.lib(init.obj) : warning LNK4099: PDB 'glfw.pdb' was not found with 'glfw3.lib(init.obj)' or at 'C:\Cal Poly\computer-graphics\shining-sun\Debug\glfw.pdb'; linking object as if no debug info
glfw3.lib(input.obj) : warning LNK4099: PDB 'glfw.pdb' was not found with 'glfw3.lib(input.obj)' or at 'C:\Cal Poly\computer-graphics\shining-sun\Debug\glfw.pdb'; linking object as if no debug info
glfw3.lib(monitor.obj) : warning LNK4099: PDB 'glfw.pdb' was not found with 'glfw3.lib(monitor.obj)' or at 'C:\Cal Poly\computer-graphics\shining-sun\Debug\glfw.pdb'; linking object as if no debug info
glfw3.lib(vulkan.obj) : warning LNK4099: PDB 'glfw.pdb' was not found with 'glfw3.lib(vulkan.obj)' or at 'C:\Cal Poly\computer-graphics\shining-sun\Debug\glfw.pdb'; linking object as if no debug info
glfw3.lib(window.obj) : warning LNK4099: PDB 'glfw.pdb' was not found with 'glfw3.lib(window.obj)' or at 'C:\Cal Poly\computer-graphics\shining-sun\Debug\glfw.pdb'; linking object as if no debug info
glfw3.lib(win32_init.obj) : warning LNK4099: PDB 'glfw.pdb' was not found with 'glfw3.lib(win32_init.obj)' or at 'C:\Cal Poly\computer-graphics\shining-sun\Debug\glfw.pdb'; linking object as if no debug info
glfw3.lib(win32_joystick.obj) : warning LNK4099: PDB 'glfw.pdb' was not found with 'glfw3.lib(win32_joystick.obj)' or at 'C:\Cal Poly\computer-graphics\shining-sun\Debug\glfw.pdb'; linking object as if no debug info
glfw3.lib(win32_monitor.obj) : warning LNK4099: PDB 'glfw.pdb' was not found with 'glfw3.lib(win32_monitor.obj)' or at 'C:\Cal Poly\computer-graphics\shining-sun\Debug\glfw.pdb'; linking object as if no debug info
glfw3.lib(win32_time.obj) : warning LNK4099: PDB 'glfw.pdb' was not found with 'glfw3.lib(win32_time.obj)' or at 'C:\Cal Poly\computer-graphics\shining-sun\Debug\glfw.pdb'; linking object as if no debug info
glfw3.lib(win32_tls.obj) : warning LNK4099: PDB 'glfw.pdb' was not found with 'glfw3.lib(win32_tls.obj)' or at 'C:\Cal Poly\computer-graphics\shining-sun\Debug\glfw.pdb'; linking object as if no debug info
glfw3.lib(win32_window.obj) : warning LNK4099: PDB 'glfw.pdb' was not found with 'glfw3.lib(win32_window.obj)' or at 'C:\Cal Poly\computer-graphics\shining-sun\Debug\glfw.pdb'; linking object as if no debug info
glfw3.lib(wgl_context.obj) : warning LNK4099: PDB 'glfw.pdb' was not found with 'glfw3.lib(wgl_context.obj)' or at 'C:\Cal Poly\computer-graphics\shining-sun\Debug\glfw.pdb'; linking object as if no debug info
glfw3.lib(egl_context.obj) : warning LNK4099: PDB 'glfw.pdb' was not found with 'glfw3.lib(egl_context.obj)' or at 'C:\Cal Poly\computer-graphics\shining-sun\Debug\glfw.pdb'; linking object as if no debug info
  lab03.vcxproj -> C:\Cal Poly\computer-graphics\shining-sun\Debug\shining-sun.exe
